---
kind: translation_unit
entities:
- kind: declaration
  type:
    kind: int
  declarators:
  - kind: declarator
    indirect_type:
      kind: function
      params:
      - kind: parameter
        type:
          kind: char
        name: first
      - kind: parameter
        type:
          kind: float
          longness: 1
        name: second
    name: foo
- kind: declaration
  type:
    kind: float
    longness: 1
  declarators:
  - kind: declarator
    indirect_type:
      kind: function
      params:
      - kind: parameter
        type:
          kind: int
        name: first
      - kind: parameter
        type:
          kind: float
          longness: 1
        name: second
      - kind: parameter
        type:
          kind: char
        name: third
      - kind: parameter
        type:
          kind: float
        name: fourth
    name: bar
